[debug] [2023-07-16T09:57:02.986Z] ----------------------------------------------------------------------
[debug] [2023-07-16T09:57:02.992Z] Command:       C:\Program Files\nodejs\node.exe C:\Users\Lenovo i3\AppData\Roaming\npm\node_modules\firebase-tools\lib\bin\firebase.js login
[debug] [2023-07-16T09:57:02.992Z] CLI Version:   12.4.4
[debug] [2023-07-16T09:57:02.993Z] Platform:      win32
[debug] [2023-07-16T09:57:02.994Z] Node Version:  v18.12.1
[debug] [2023-07-16T09:57:03.099Z] Time:          Sun Jul 16 2023 09:57:02 GMT+0000 (Greenwich Mean Time)
[debug] [2023-07-16T09:57:03.099Z] ----------------------------------------------------------------------
[debug] 
[debug] [2023-07-16T09:57:03.158Z] >>> [apiv2][query] GET https://firebase-public.firebaseio.com/cli.json [none]
[info] Already logged in as miqael.dev@gmail.com
[debug] [2023-07-16T09:57:13.549Z] Error: Timed out.
    at Timeout._onTimeout (C:\Users\Lenovo i3\AppData\Roaming\npm\node_modules\firebase-tools\lib\utils.js:254:49)
    at listOnTimeout (node:internal/timers:564:17)
    at process.processTimers (node:internal/timers:507:7)
[error] 
[error] Error: An unexpected error has occurred.
[debug] [2023-07-16T09:57:30.746Z] ----------------------------------------------------------------------
[debug] [2023-07-16T09:57:30.751Z] Command:       C:\Program Files\nodejs\node.exe C:\Users\Lenovo i3\AppData\Roaming\npm\node_modules\firebase-tools\lib\bin\firebase.js login
[debug] [2023-07-16T09:57:30.752Z] CLI Version:   12.4.4
[debug] [2023-07-16T09:57:30.752Z] Platform:      win32
[debug] [2023-07-16T09:57:30.753Z] Node Version:  v18.12.1
[debug] [2023-07-16T09:57:30.754Z] Time:          Sun Jul 16 2023 09:57:30 GMT+0000 (Greenwich Mean Time)
[debug] [2023-07-16T09:57:30.754Z] ----------------------------------------------------------------------
[debug] 
[debug] [2023-07-16T09:57:30.762Z] >>> [apiv2][query] GET https://firebase-public.firebaseio.com/cli.json [none]
[info] Already logged in as miqael.dev@gmail.com
[debug] [2023-07-16T09:57:40.896Z] Error: Timed out.
    at Timeout._onTimeout (C:\Users\Lenovo i3\AppData\Roaming\npm\node_modules\firebase-tools\lib\utils.js:254:49)
    at listOnTimeout (node:internal/timers:564:17)
    at process.processTimers (node:internal/timers:507:7)
[error] 
[error] Error: An unexpected error has occurred.
